RunCalc:


[Fri Feb 17 11:13:01 2017]mow03-hyp01dl/Console/Console/admin/Info(1200392)
Allocation amount must include a member from every allocation range dimension. Calculation results may be unpredictable


[Fri Feb 17 11:13:01 2017]mow03-hyp01dl/Console/Console/admin/Info(1200481)
Formula for member [budget0007] will be executed in [TOPDOWN] mode


[Fri Feb 17 11:13:01 2017]mow03-hyp01dl/Console/Console/admin/Info(1200481)
Formula for member [budget0007] will be executed in [TOPDOWN] mode


[Fri Feb 17 11:13:01 2017]mow03-hyp01dl/Console/Console/admin/Info(1200481)
Formula for member [share0001] will be executed in [TOPDOWN] mode


[Fri Feb 17 11:13:01 2017]mow03-hyp01dl/Console/Console/admin/Info(1200481)
Formula for member [share0002] will be executed in [TOPDOWN] mode



[Fri Feb 17 11:13:01 2017]mow03-hyp01dl/Console/Console/admin/Info(1012555)
Clearing data from [budget0007] partition with fixed members [cost_center(cc_011702); Period(Jan, Feb, Mar, Apr, May, Jun, Jul, Aug, Sep, Oct, Nov, Dec); Account(acc_na); Location(loc_6000000000T); i_location(iThrd_Party, iloc_1000000000T, iloc_2000000000T)]



[Fri Feb 17 11:13:01 2017]mow03-hyp01dl/Console/Console/admin/Info(1012675)
Commit Blocks Interval for the calculation is [3000]



[Fri Feb 17 11:13:01 2017]mow03-hyp01dl/Console/Console/admin/Info(1017023)
Removed [0] data blocks



[Fri Feb 17 11:13:01 2017]mow03-hyp01dl/Console/Console/admin/Info(1012675)
Commit Blocks Interval for the calculation is [3000]



[Fri Feb 17 11:13:01 2017]mow03-hyp01dl/Console/Console/admin/Info(1012668)
Calculating [ Measure(budget0007)] with fixed members [cost_center(cc_NA); Period(Jan, Feb, Mar, Apr, May, Jun, Jul, Aug, Sep, Oct, Nov, Dec); Account(acc_na); Location(loc_6000000000T); i_location(iThrd_Party, iloc_1000000000T, iloc_2000000000T)]



[Fri Feb 17 11:13:01 2017]mow03-hyp01dl/Console/Console/admin/Info(1012672)
Calculator Information Message: 

Maximum Number of Lock Blocks: [2499] Blocks
Completion Notice Messages: [Disabled]
Calculations On Updated Blocks Only: [Disabled]
Clear Update Status After Full Calculations: [Enabled]
Calculator Cache With Single Bitmap For: [i_location]



[Fri Feb 17 11:13:01 2017]mow03-hyp01dl/Console/Console/admin/Info(1012672)
Calculator Information Message: 

Aggregate #Missing values:  [Enabled]



[Fri Feb 17 11:13:01 2017]mow03-hyp01dl/Console/Console/admin/Info(1012677)
Calculating in serial



[Fri Feb 17 11:13:01 2017]mow03-hyp01dl/Console/Console/admin/Info(1012672)
Calculator Information Message: 

Total Block Created: [0.0000e+00] Blocks
Sparse Calculations: [0.0000e+00] Writes and [0.0000e+00] Reads
Dense Calculations: [0.0000e+00] Writes and [0.0000e+00] Reads
Sparse Calculations: [0.0000e+00] Cells
Dense Calculations: [0.0000e+00] Cells



[Fri Feb 17 11:13:01 2017]mow03-hyp01dl/Console/Console/admin/Info(1012675)
Commit Blocks Interval for the calculation is [3000]



[Fri Feb 17 11:13:01 2017]mow03-hyp01dl/Console/Console/admin/Info(1012668)
Calculating [ Measure(budget0007)] with fixed members [cost_center(cc_011702); Period(Jan, Feb, Mar, Apr, May, Jun, Jul, Aug, Sep, Oct, Nov, Dec); Account(acc_BS0202010800, acc_BS0204010100, acc_BS0204010200); Location(loc_6000000000T); i_location(]



[Fri Feb 17 11:13:01 2017]mow03-hyp01dl/Console/Console/admin/Info(1012672)
Calculator Information Message: 

Maximum Number of Lock Blocks: [2499] Blocks
Completion Notice Messages: [Disabled]
Calculations On Updated Blocks Only: [Disabled]
Clear Update Status After Full Calculations: [Enabled]
Calculator Cache With Single Bitmap For: [i_location]



[Fri Feb 17 11:13:01 2017]mow03-hyp01dl/Console/Console/admin/Info(1012672)
Calculator Information Message: 

Aggregate #Missing values:  [Enabled]



[Fri Feb 17 11:13:01 2017]mow03-hyp01dl/Console/Console/admin/Info(1012677)
Calculating in serial



[Fri Feb 17 11:13:01 2017]mow03-hyp01dl/Console/Console/admin/Info(1012672)
Calculator Information Message: 

Total Block Created: [0.0000e+00] Blocks
Sparse Calculations: [0.0000e+00] Writes and [0.0000e+00] Reads
Dense Calculations: [0.0000e+00] Writes and [0.0000e+00] Reads
Sparse Calculations: [0.0000e+00] Cells
Dense Calculations: [0.0000e+00] Cells



[Fri Feb 17 11:13:01 2017]mow03-hyp01dl/Console/Console/admin/Info(1012675)
Commit Blocks Interval for the calculation is [3000]



[Fri Feb 17 11:13:01 2017]mow03-hyp01dl/Console/Console/admin/Info(1012668)
Calculating [ View(View_BS_Feed)] with fixed members [cost_center(cc_011702); Period(Jan, Feb, Mar, Apr, May, Jun, Jul, Aug, Sep, Oct, Nov, Dec); Account(acc_BS0202010800, acc_BS0204010100, acc_BS0204010200); Location(loc_6000000000T); i_location(]



[Fri Feb 17 11:13:01 2017]mow03-hyp01dl/Console/Console/admin/Info(1012672)
Calculator Information Message: 

Maximum Number of Lock Blocks: [2499] Blocks
Completion Notice Messages: [Disabled]
Calculations On Updated Blocks Only: [Disabled]
Clear Update Status After Full Calculations: [Enabled]
Calculator Cache With Single Bitmap For: [i_location]



[Fri Feb 17 11:13:01 2017]mow03-hyp01dl/Console/Console/admin/Info(1012672)
Calculator Information Message: 

Aggregate #Missing values:  [Enabled]



[Fri Feb 17 11:13:01 2017]mow03-hyp01dl/Console/Console/admin/Info(1012677)
Calculating in serial



[Fri Feb 17 11:13:01 2017]mow03-hyp01dl/Console/Console/admin/Info(1012672)
Calculator Information Message: 

Total Block Created: [0.0000e+00] Blocks
Sparse Calculations: [0.0000e+00] Writes and [0.0000e+00] Reads
Dense Calculations: [0.0000e+00] Writes and [0.0000e+00] Reads
Sparse Calculations: [0.0000e+00] Cells
Dense Calculations: [0.0000e+00] Cells



[Fri Feb 17 11:13:01 2017]mow03-hyp01dl/Console/Console/admin/Info(1012675)
Commit Blocks Interval for the calculation is [3000]



[Fri Feb 17 11:13:01 2017]mow03-hyp01dl/Console/Console/admin/Info(1012668)
Calculating [ i_location(iloc_0000000000T,iSgmt_total)] with fixed members [cost_center(cc_011702); Period(Jan, Feb, Mar, Apr, May, Jun, Jul, Aug, Sep, Oct, Nov, Dec); Account(acc_BS0202010800, acc_BS0204010100, acc_BS0204010200); Location(loc_6000000000T); i_cost_center(]



[Fri Feb 17 11:13:01 2017]mow03-hyp01dl/Console/Console/admin/Info(1012672)
Calculator Information Message: 

Maximum Number of Lock Blocks: [2499] Blocks
Completion Notice Messages: [Disabled]
Calculations On Updated Blocks Only: [Disabled]
Clear Update Status After Full Calculations: [Enabled]
Calculator Cache With Single Bitmap For: [i_location]



[Fri Feb 17 11:13:01 2017]mow03-hyp01dl/Console/Console/admin/Info(1012672)
Calculator Information Message: 

Aggregate #Missing values:  [Enabled]



[Fri Feb 17 11:13:01 2017]mow03-hyp01dl/Console/Console/admin/Info(1012677)
Calculating in serial



[Fri Feb 17 11:13:01 2017]mow03-hyp01dl/Console/Console/admin/Info(1012672)
Calculator Information Message: 

Total Block Created: [0.0000e+00] Blocks
Sparse Calculations: [0.0000e+00] Writes and [0.0000e+00] Reads
Dense Calculations: [0.0000e+00] Writes and [0.0000e+00] Reads
Sparse Calculations: [0.0000e+00] Cells
Dense Calculations: [0.0000e+00] Cells



[Fri Feb 17 11:13:01 2017]mow03-hyp01dl/Console/Console/admin/Info(1012675)
Commit Blocks Interval for the calculation is [3000]



[Fri Feb 17 11:13:01 2017]mow03-hyp01dl/Console/Console/admin/Info(1012668)
Calculating [ View(View_BS_Feed)] with fixed members [cost_center(cc_011702); Period(Jan, Feb, Mar, Apr, May, Jun, Jul, Aug, Sep, Oct, Nov, Dec); Account(acc_BS0202010800, acc_BS0204010100, acc_BS0204010200); Location(loc_6000000000T); i_location(]



[Fri Feb 17 11:13:01 2017]mow03-hyp01dl/Console/Console/admin/Info(1012672)
Calculator Information Message: 

Maximum Number of Lock Blocks: [2499] Blocks
Completion Notice Messages: [Disabled]
Calculations On Updated Blocks Only: [Disabled]
Clear Update Status After Full Calculations: [Enabled]
Calculator Cache With Single Bitmap For: [i_location]



[Fri Feb 17 11:13:01 2017]mow03-hyp01dl/Console/Console/admin/Info(1012672)
Calculator Information Message: 

Aggregate #Missing values:  [Enabled]



[Fri Feb 17 11:13:01 2017]mow03-hyp01dl/Console/Console/admin/Info(1012677)
Calculating in serial



[Fri Feb 17 11:13:01 2017]mow03-hyp01dl/Console/Console/admin/Info(1012672)
Calculator Information Message: 

Total Block Created: [0.0000e+00] Blocks
Sparse Calculations: [0.0000e+00] Writes and [0.0000e+00] Reads
Dense Calculations: [0.0000e+00] Writes and [0.0000e+00] Reads
Sparse Calculations: [0.0000e+00] Cells
Dense Calculations: [0.0000e+00] Cells



[Fri Feb 17 11:13:01 2017]mow03-hyp01dl/Console/Console/admin/Info(1012675)
Commit Blocks Interval for the calculation is [3000]



[Fri Feb 17 11:13:01 2017]mow03-hyp01dl/Console/Console/admin/Info(1012668)
Calculating [ i_location(iloc_0000000000T,iSgmt_total)] with fixed members [cost_center(cc_011702); Period(Jan, Feb, Mar, Apr, May, Jun, Jul, Aug, Sep, Oct, Nov, Dec); Account(acc_BS0202010800, acc_BS0204010100, acc_BS0204010200); Location(loc_6000000000T); i_cost_center(]



[Fri Feb 17 11:13:01 2017]mow03-hyp01dl/Console/Console/admin/Info(1012672)
Calculator Information Message: 

Maximum Number of Lock Blocks: [2499] Blocks
Completion Notice Messages: [Disabled]
Calculations On Updated Blocks Only: [Disabled]
Clear Update Status After Full Calculations: [Enabled]
Calculator Cache With Single Bitmap For: [i_location]



[Fri Feb 17 11:13:01 2017]mow03-hyp01dl/Console/Console/admin/Info(1012672)
Calculator Information Message: 

Aggregate #Missing values:  [Enabled]



[Fri Feb 17 11:13:01 2017]mow03-hyp01dl/Console/Console/admin/Info(1012677)
Calculating in serial



[Fri Feb 17 11:13:01 2017]mow03-hyp01dl/Console/Console/admin/Info(1012672)
Calculator Information Message: 

Total Block Created: [0.0000e+00] Blocks
Sparse Calculations: [0.0000e+00] Writes and [0.0000e+00] Reads
Dense Calculations: [0.0000e+00] Writes and [0.0000e+00] Reads
Sparse Calculations: [0.0000e+00] Cells
Dense Calculations: [0.0000e+00] Cells



[Fri Feb 17 11:13:01 2017]mow03-hyp01dl/Console/Console/admin/Info(1012675)
Commit Blocks Interval for the calculation is [3000]



[Fri Feb 17 11:13:01 2017]mow03-hyp01dl/Console/Console/admin/Info(1012668)
Calculating [ Measure(share0001)] with fixed members [cost_center(cc_011702); Period(Jan, Feb, Mar, Apr, May, Jun, Jul, Aug, Sep, Oct, Nov, Dec); Account(acc_BS0204010100); Location(loc_6000000000T); i_location(iloc_1000000000T); i_cost_center(icc_NA)]



[Fri Feb 17 11:13:01 2017]mow03-hyp01dl/Console/Console/admin/Info(1012672)
Calculator Information Message: 

Maximum Number of Lock Blocks: [2499] Blocks
Completion Notice Messages: [Disabled]
Calculations On Updated Blocks Only: [Disabled]
Clear Update Status After Full Calculations: [Enabled]
Calculator Cache With Single Bitmap For: [i_location]



[Fri Feb 17 11:13:01 2017]mow03-hyp01dl/Console/Console/admin/Info(1012672)
Calculator Information Message: 

Aggregate #Missing values:  [Enabled]



[Fri Feb 17 11:13:01 2017]mow03-hyp01dl/Console/Console/admin/Info(1012677)
Calculating in serial



[Fri Feb 17 11:13:01 2017]mow03-hyp01dl/Console/Console/admin/Info(1012672)
Calculator Information Message: 

Total Block Created: [0.0000e+00] Blocks
Sparse Calculations: [0.0000e+00] Writes and [0.0000e+00] Reads
Dense Calculations: [0.0000e+00] Writes and [0.0000e+00] Reads
Sparse Calculations: [0.0000e+00] Cells
Dense Calculations: [0.0000e+00] Cells



[Fri Feb 17 11:13:01 2017]mow03-hyp01dl/Console/Console/admin/Info(1012675)
Commit Blocks Interval for the calculation is [3000]



[Fri Feb 17 11:13:01 2017]mow03-hyp01dl/Console/Console/admin/Info(1012668)
Calculating [ Measure(share0002)] with fixed members [cost_center(cc_011702); Period(Jan, Feb, Mar, Apr, May, Jun, Jul, Aug, Sep, Oct, Nov, Dec); Account(acc_BS0204010100); Location(loc_6000000000T); i_location(iloc_1000000000T); i_cost_center(icc_NA)]



[Fri Feb 17 11:13:01 2017]mow03-hyp01dl/Console/Console/admin/Info(1012672)
Calculator Information Message: 

Maximum Number of Lock Blocks: [2499] Blocks
Completion Notice Messages: [Disabled]
Calculations On Updated Blocks Only: [Disabled]
Clear Update Status After Full Calculations: [Enabled]
Calculator Cache With Single Bitmap For: [i_location]



[Fri Feb 17 11:13:01 2017]mow03-hyp01dl/Console/Console/admin/Info(1012672)
Calculator Information Message: 

Aggregate #Missing values:  [Enabled]



[Fri Feb 17 11:13:01 2017]mow03-hyp01dl/Console/Console/admin/Info(1012677)
Calculating in serial



[Fri Feb 17 11:13:01 2017]mow03-hyp01dl/Console/Console/admin/Info(1012672)
Calculator Information Message: 

Total Block Created: [0.0000e+00] Blocks
Sparse Calculations: [0.0000e+00] Writes and [0.0000e+00] Reads
Dense Calculations: [0.0000e+00] Writes and [0.0000e+00] Reads
Sparse Calculations: [0.0000e+00] Cells
Dense Calculations: [0.0000e+00] Cells



[Fri Feb 17 11:13:01 2017]mow03-hyp01dl/Console/Console/admin/Info(1012579)
Total Calc Elapsed Time for [inline] : [0.009] seconds

sts = 0 CalcObject = C:\Users\rochirov\Source\Repos\CSCLauncher\CSCLauncher\bin\Debug\Log\20170217_1113003.csc

Output:

End output file:

